{"/Users/jinhakim/Downloads/Projects/Projects/budgetbuddy-frontend/src/pages/Homepage.tsx": {"path":"/Users/jinhakim/Downloads/Projects/Projects/budgetbuddy-frontend/src/pages/Homepage.tsx","statementMap":{"0":{"start":{"line":2,"column":2},"end":{"line":2,"column":25}},"1":{"start":{"line":5,"column":0},"end":{"line":5,"column":24}}},"fnMap":{"0":{"name":"Homepage","decl":{"start":{"line":1,"column":9},"end":{"line":1,"column":17}},"loc":{"start":{"line":1,"column":17},"end":{"line":3,"column":1}}}},"branchMap":{},"s":{"0":1,"1":1},"f":{"0":1},"b":{}}
}
